finder checkpiont
finder checkpiont 2
finder checkpiont
finder checkpiont 2
finder checkpiont
finder checkpiont 2
finder checkpiont
finder checkpiont 2
finder checkpiont
finder checkpiont 2
finder checkpiont
finder checkpiont
finder checkpiont 2
finder checkpiont
finder checkpiont
finder checkpiont 2
finder checkpiont
finder checkpiont
finder checkpiont
finder checkpiont 2
finder checkpiont
finder checkpiont 2
finder checkpiont
finder checkpiont
finder checkpiont 2
finder checkpiont
finder checkpiont
finder checkpiont
finder checkpiont 2
finder checkpiont
finder checkpiont 2
finder checkpiont
finder checkpiont
finder checkpiont
finder checkpiont
finder checkpiont 2
finder checkpiont
finder checkpiont 2
finder checkpiont
finder checkpiont 2
finder checkpiont
finder checkpiont
finder checkpiont 2
finder checkpiont
finder checkpiont
finder checkpiont
finder checkpiont 2
finder checkpiont
finder checkpiont 2
finder checkpiont
finder checkpiont
finder checkpiont
finder checkpiont
finder checkpiont 2
finder checkpiont
finder checkpiont 2
finder checkpiont
finder checkpiont 2
finder checkpiont
finder checkpiont
finder checkpiont
finder checkpiont
finder checkpiont 2
finder checkpiont
finder checkpiont
finder checkpiont 2
finder checkpiont
finder checkpiont 2
PATH FOUND!
11100
00100
00100
00100
00111

N: 5
Recursive Calls: 8
